  2DRayCasting.cpp
D:\Development\Languages\C++\2DRayCasting\2DRayCasting\2DRayCasting.cpp(205,33): warning C4244: 'argument': conversion from 'int' to 'float', possible loss of data
D:\Development\Languages\C++\2DRayCasting\2DRayCasting\2DRayCasting.cpp(205,25): warning C4244: 'argument': conversion from 'int' to 'float', possible loss of data
D:\Development\Languages\C++\2DRayCasting\2DRayCasting\2DRayCasting.cpp(211,33): warning C4244: 'argument': conversion from 'int' to 'float', possible loss of data
D:\Development\Languages\C++\2DRayCasting\2DRayCasting\2DRayCasting.cpp(211,25): warning C4244: 'argument': conversion from 'int' to 'float', possible loss of data
D:\Development\Languages\C++\2DRayCasting\2DRayCasting\2DRayCasting.cpp(212,55): warning C4244: 'argument': conversion from 'float' to 'int', possible loss of data
D:\Development\Languages\C++\2DRayCasting\2DRayCasting\2DRayCasting.cpp(212,46): warning C4244: 'argument': conversion from 'float' to 'int', possible loss of data
D:\Development\Languages\C++\2DRayCasting\2DRayCasting\2DRayCasting.cpp(212,37): warning C4244: 'argument': conversion from 'float' to 'int', possible loss of data
D:\Development\Languages\C++\2DRayCasting\2DRayCasting\2DRayCasting.cpp(212,28): warning C4244: 'argument': conversion from 'float' to 'int', possible loss of data
D:\Development\Languages\C++\2DRayCasting\2DRayCasting\2DRayCasting.cpp(230,65): warning C4244: 'argument': conversion from 'double' to 'int', possible loss of data
D:\Development\Languages\C++\2DRayCasting\2DRayCasting\2DRayCasting.cpp(230,41): warning C4244: 'argument': conversion from 'double' to 'int', possible loss of data
D:\Development\Languages\C++\2DRayCasting\2DRayCasting\2DRayCasting.cpp(231,52): warning C4244: 'argument': conversion from 'double' to 'int', possible loss of data
D:\Development\Languages\C++\2DRayCasting\2DRayCasting\2DRayCasting.cpp(231,38): warning C4244: 'argument': conversion from 'double' to 'int', possible loss of data
D:\Development\Languages\C++\2DRayCasting\2DRayCasting\2DRayCasting.cpp(232,65): warning C4244: 'argument': conversion from 'double' to 'int', possible loss of data
D:\Development\Languages\C++\2DRayCasting\2DRayCasting\2DRayCasting.cpp(232,41): warning C4244: 'argument': conversion from 'double' to 'int', possible loss of data
D:\Development\Languages\C++\2DRayCasting\2DRayCasting\2DRayCasting.cpp(233,52): warning C4244: 'argument': conversion from 'double' to 'int', possible loss of data
D:\Development\Languages\C++\2DRayCasting\2DRayCasting\2DRayCasting.cpp(233,38): warning C4244: 'argument': conversion from 'double' to 'int', possible loss of data
D:\Development\Languages\C++\2DRayCasting\2DRayCasting\2DRayCasting.cpp(257,69): warning C4244: 'argument': conversion from 'double' to 'int', possible loss of data
D:\Development\Languages\C++\2DRayCasting\2DRayCasting\2DRayCasting.cpp(257,45): warning C4244: 'argument': conversion from 'double' to 'int', possible loss of data
D:\Development\Languages\C++\2DRayCasting\2DRayCasting\2DRayCasting.cpp(258,56): warning C4244: 'argument': conversion from 'double' to 'int', possible loss of data
D:\Development\Languages\C++\2DRayCasting\2DRayCasting\2DRayCasting.cpp(258,42): warning C4244: 'argument': conversion from 'double' to 'int', possible loss of data
D:\Development\Languages\C++\2DRayCasting\2DRayCasting\2DRayCasting.cpp(259,69): warning C4244: 'argument': conversion from 'double' to 'int', possible loss of data
D:\Development\Languages\C++\2DRayCasting\2DRayCasting\2DRayCasting.cpp(259,45): warning C4244: 'argument': conversion from 'double' to 'int', possible loss of data
D:\Development\Languages\C++\2DRayCasting\2DRayCasting\2DRayCasting.cpp(260,56): warning C4244: 'argument': conversion from 'double' to 'int', possible loss of data
D:\Development\Languages\C++\2DRayCasting\2DRayCasting\2DRayCasting.cpp(260,42): warning C4244: 'argument': conversion from 'double' to 'int', possible loss of data
D:\Development\Languages\C++\2DRayCasting\2DRayCasting\2DRayCasting.cpp(291,20): warning C4244: 'initializing': conversion from 'double' to 'int', possible loss of data
D:\Development\Languages\C++\2DRayCasting\2DRayCasting\2DRayCasting.cpp(292,20): warning C4244: 'initializing': conversion from 'double' to 'int', possible loss of data
D:\Development\Languages\C++\2DRayCasting\2DRayCasting\2DRayCasting.cpp(334,115): warning C4244: 'argument': conversion from 'double' to 'int32_t', possible loss of data
D:\Development\Languages\C++\2DRayCasting\2DRayCasting\2DRayCasting.cpp(334,65): warning C4244: 'argument': conversion from 'double' to 'int32_t', possible loss of data
D:\Development\Languages\C++\2DRayCasting\2DRayCasting\2DRayCasting.cpp(334,46): warning C4244: 'argument': conversion from 'double' to 'int32_t', possible loss of data
D:\Development\Languages\C++\2DRayCasting\2DRayCasting\2DRayCasting.cpp(334,30): warning C4244: 'argument': conversion from 'double' to 'int32_t', possible loss of data
D:\Development\Languages\C++\2DRayCasting\2DRayCasting\2DRayCasting.cpp(335,48): warning C4244: 'argument': conversion from 'double' to 'int32_t', possible loss of data
D:\Development\Languages\C++\2DRayCasting\2DRayCasting\2DRayCasting.cpp(335,32): warning C4244: 'argument': conversion from 'double' to 'int32_t', possible loss of data
  Generating code
  36 of 566 functions ( 6.4%) were compiled, the rest were copied from previous compilation.
    1 functions were new in current compilation
    1 functions had inline decision re-evaluated but remain unchanged
  Finished generating code
  2DRayCasting.vcxproj -> D:\Development\Languages\C++\2DRayCasting\x64\Release\2DRayCasting.exe
